<?xml version="1.0" encoding="UTF-8"?>
<testsuite xmlns:xsi="http://www.w3.org/2001/XMLSchema-instance" xsi:noNamespaceSchemaLocation="https://maven.apache.org/surefire/maven-surefire-plugin/xsd/surefire-test-report.xsd" name="org.mathematicalthinking.javapp.ListRoomsTest" time="0.103" tests="1" errors="0" skipped="0" failures="0">
  <properties>
    <property name="sun.desktop" value="windows"/>
    <property name="awt.toolkit" value="sun.awt.windows.WToolkit"/>
    <property name="file.encoding.pkg" value="sun.io"/>
    <property name="java.specification.version" value="1.8"/>
    <property name="sun.cpu.isalist" value="amd64"/>
    <property name="sun.jnu.encoding" value="Cp1252"/>
    <property name="java.class.path" value="C:\Users\ok_computadora\Documents\21PSTEM\java\javaToMongo\target\test-classes;C:\Users\ok_computadora\Documents\21PSTEM\java\javaToMongo\target\classes;C:\Users\ok_computadora\.m2\repository\junit\junit\4.11\junit-4.11.jar;C:\Users\ok_computadora\.m2\repository\org\hamcrest\hamcrest-core\1.3\hamcrest-core-1.3.jar;C:\Users\ok_computadora\.m2\repository\mysql\mysql-connector-java\8.0.15\mysql-connector-java-8.0.15.jar;C:\Users\ok_computadora\.m2\repository\com\google\protobuf\protobuf-java\3.6.1\protobuf-java-3.6.1.jar;C:\Users\ok_computadora\.m2\repository\org\apache\commons\commons-lang3\3.8.1\commons-lang3-3.8.1.jar;C:\Users\ok_computadora\.m2\repository\javax\xml\bind\jaxb-api\2.2.3\jaxb-api-2.2.3.jar;C:\Users\ok_computadora\.m2\repository\javax\xml\stream\stax-api\1.0-2\stax-api-1.0-2.jar;C:\Users\ok_computadora\.m2\repository\javax\activation\activation\1.1\activation-1.1.jar;C:\Users\ok_computadora\Documents\21PSTEM\java\javaToMongo\..\vendor\cc-server.jar;C:\Users\ok_computadora\Documents\21PSTEM\java\javaToMongo\..\vendor\cc-base.jar;C:\Users\ok_computadora\Documents\21PSTEM\java\javaToMongo\..\vendor\base-framework.jar;C:\Users\ok_computadora\Documents\21PSTEM\java\javaToMongo\..\vendor\cc-whiteboardchat-2.0.16.jar;C:\Users\ok_computadora\Documents\21PSTEM\java\javaToMongo\..\vendor\cc-tabbedchat-2.0.5.jar;"/>
    <property name="java.vm.vendor" value=""/>
    <property name="sun.arch.data.model" value="64"/>
    <property name="user.variant" value=""/>
    <property name="java.vendor.url" value="http://java.oracle.com/"/>
    <property name="user.timezone" value="America/New_York"/>
    <property name="java.vm.specification.version" value="1.8"/>
    <property name="os.name" value="Windows 10"/>
    <property name="user.country" value="US"/>
    <property name="sun.java.launcher" value="SUN_STANDARD"/>
    <property name="sun.boot.library.path" value="C:\Users\ok_computadora\AppData\Local\Programs\AdoptOpenJDK\jre\bin"/>
    <property name="sun.java.command" value="C:\Users\OK_COM~1\AppData\Local\Temp\surefire2620019402366588851\surefirebooter4239883662813605125.jar C:\Users\ok_computadora\AppData\Local\Temp\surefire2620019402366588851 2019-08-30T12-16-33_512-jvmRun1 surefire370427036320906435tmp surefire_07745661558349344583tmp"/>
    <property name="surefire.test.class.path" value="C:\Users\ok_computadora\Documents\21PSTEM\java\javaToMongo\target\test-classes;C:\Users\ok_computadora\Documents\21PSTEM\java\javaToMongo\target\classes;C:\Users\ok_computadora\.m2\repository\junit\junit\4.11\junit-4.11.jar;C:\Users\ok_computadora\.m2\repository\org\hamcrest\hamcrest-core\1.3\hamcrest-core-1.3.jar;C:\Users\ok_computadora\.m2\repository\mysql\mysql-connector-java\8.0.15\mysql-connector-java-8.0.15.jar;C:\Users\ok_computadora\.m2\repository\com\google\protobuf\protobuf-java\3.6.1\protobuf-java-3.6.1.jar;C:\Users\ok_computadora\.m2\repository\org\apache\commons\commons-lang3\3.8.1\commons-lang3-3.8.1.jar;C:\Users\ok_computadora\.m2\repository\javax\xml\bind\jaxb-api\2.2.3\jaxb-api-2.2.3.jar;C:\Users\ok_computadora\.m2\repository\javax\xml\stream\stax-api\1.0-2\stax-api-1.0-2.jar;C:\Users\ok_computadora\.m2\repository\javax\activation\activation\1.1\activation-1.1.jar;C:\Users\ok_computadora\Documents\21PSTEM\java\javaToMongo\..\vendor\cc-server.jar;C:\Users\ok_computadora\Documents\21PSTEM\java\javaToMongo\..\vendor\cc-base.jar;C:\Users\ok_computadora\Documents\21PSTEM\java\javaToMongo\..\vendor\base-framework.jar;C:\Users\ok_computadora\Documents\21PSTEM\java\javaToMongo\..\vendor\cc-whiteboardchat-2.0.16.jar;C:\Users\ok_computadora\Documents\21PSTEM\java\javaToMongo\..\vendor\cc-tabbedchat-2.0.5.jar;"/>
    <property name="sun.cpu.endian" value="little"/>
    <property name="user.home" value="C:\Users\ok_computadora"/>
    <property name="user.language" value="en"/>
    <property name="java.specification.vendor" value="Oracle Corporation"/>
    <property name="java.home" value="C:\Users\ok_computadora\AppData\Local\Programs\AdoptOpenJDK\jre"/>
    <property name="basedir" value="C:\Users\ok_computadora\Documents\21PSTEM\java\javaToMongo"/>
    <property name="file.separator" value="\"/>
    <property name="line.separator" value="&#10;"/>
    <property name="java.vm.specification.vendor" value="Oracle Corporation"/>
    <property name="java.specification.name" value="Java Platform API Specification"/>
    <property name="java.awt.graphicsenv" value="sun.awt.Win32GraphicsEnvironment"/>
    <property name="surefire.real.class.path" value="C:\Users\OK_COM~1\AppData\Local\Temp\surefire2620019402366588851\surefirebooter4239883662813605125.jar"/>
    <property name="sun.boot.class.path" value="C:\Users\ok_computadora\AppData\Local\Programs\AdoptOpenJDK\jre\lib\resources.jar;C:\Users\ok_computadora\AppData\Local\Programs\AdoptOpenJDK\jre\lib\rt.jar;C:\Users\ok_computadora\AppData\Local\Programs\AdoptOpenJDK\jre\lib\sunrsasign.jar;C:\Users\ok_computadora\AppData\Local\Programs\AdoptOpenJDK\jre\lib\jsse.jar;C:\Users\ok_computadora\AppData\Local\Programs\AdoptOpenJDK\jre\lib\jce.jar;C:\Users\ok_computadora\AppData\Local\Programs\AdoptOpenJDK\jre\lib\charsets.jar;C:\Users\ok_computadora\AppData\Local\Programs\AdoptOpenJDK\jre\lib\jfr.jar;C:\Users\ok_computadora\AppData\Local\Programs\AdoptOpenJDK\jre\classes"/>
    <property name="user.script" value=""/>
    <property name="sun.management.compiler" value="HotSpot 64-Bit Tiered Compilers"/>
    <property name="java.runtime.version" value="1.8.0_222-b10"/>
    <property name="user.name" value="ok_computadora"/>
    <property name="path.separator" value=";"/>
    <property name="os.version" value="10.0"/>
    <property name="java.endorsed.dirs" value="C:\Users\ok_computadora\AppData\Local\Programs\AdoptOpenJDK\jre\lib\endorsed"/>
    <property name="java.runtime.name" value="OpenJDK Runtime Environment"/>
    <property name="file.encoding" value="Cp1252"/>
    <property name="java.vm.name" value="OpenJDK 64-Bit Server VM"/>
    <property name="localRepository" value="C:\Users\ok_computadora\.m2\repository"/>
    <property name="java.vendor.url.bug" value="http://bugreport.sun.com/bugreport/"/>
    <property name="java.io.tmpdir" value="C:\Users\OK_COM~1\AppData\Local\Temp\"/>
    <property name="java.version" value="1.8.0_222"/>
    <property name="user.dir" value="C:\Users\ok_computadora\Documents\21PSTEM\java\javaToMongo"/>
    <property name="os.arch" value="amd64"/>
    <property name="java.vm.specification.name" value="Java Virtual Machine Specification"/>
    <property name="java.awt.printerjob" value="sun.awt.windows.WPrinterJob"/>
    <property name="sun.os.patch.level" value=""/>
    <property name="java.library.path" value="C:\Users\ok_computadora\AppData\Local\Programs\AdoptOpenJDK\jre\bin;C:\WINDOWS\Sun\Java\bin;C:\WINDOWS\system32;C:\WINDOWS;C:\Users\ok_computadora\bin;C:\Program Files\Git\mingw64\bin;C:\Program Files\Git\usr\local\bin;C:\Program Files\Git\usr\bin;C:\Program Files\Git\usr\bin;C:\Program Files\Git\mingw64\bin;C:\Program Files\Git\usr\bin;C:\Users\ok_computadora\bin;C:\WINDOWS\system32;C:\WINDOWS;C:\WINDOWS\System32\Wbem;C:\WINDOWS\System32\WindowsPowerShell\v1.0;C:\Program Files (x86)\Common Files\lenovo\easyplussdk\bin;C:\Program Files\Intel\WiFi\bin;C:\Program Files\Common Files\Intel\WirelessCommon;C:\WINDOWS\System32\OpenSSH;C:\Program Files\dotnet;C:\Program Files\Microsoft SQL Server\130\Tools\Binn;C:\Program Files\Microsoft SQL Server\Client SDK\ODBC\170\Tools\Binn;C:\Program Files\Git\cmd;C:\Program Files\nodejs;C:\Program Files\Git\usr\bin;C:\Program Files\MongoDB\Server\3.6\bin;C:\Program Files (x86)\Gow\bin;C:\Program Files (x86)\Common Files\Propellerhead Software\ReWire;C:\Program Files\Common Files\Propellerhead Software\ReWire;C:\Users\ok_computadora\Downloads\apache-maven-3.6.1\bin;C:\Users\ok_computadora\AppData\Local\Programs\AdoptOpenJDK\bin;C:\Ruby26-x64\bin;C:\Users\ok_computadora\AppData\Local\Microsoft\WindowsApps;C:\Users\ok_computadora\AppData\Local\Programs\Microsoft VS Code\bin;C:\Users\ok_computadora\AppData\Roaming\npm;C:\Program Files\heroku\bin;C:\Program Files\MuseScore 3\bin;C:\Program Files\Git\usr\bin\vendor_perl;C:\Program Files\Git\usr\bin\core_perl;."/>
    <property name="java.vm.info" value="mixed mode"/>
    <property name="java.vendor" value="AdoptOpenJDK"/>
    <property name="java.vm.version" value="25.222-b10"/>
    <property name="java.ext.dirs" value="C:\Users\ok_computadora\AppData\Local\Programs\AdoptOpenJDK\jre\lib\ext;C:\WINDOWS\Sun\Java\lib\ext"/>
    <property name="sun.io.unicode.encoding" value="UnicodeLittle"/>
    <property name="java.class.version" value="52.0"/>
  </properties>
  <testcase name="shouldAnswerWithTrue" classname="org.mathematicalthinking.javapp.ListRoomsTest" time="0.003"/>
</testsuite>